Wed Nov 19 10:29:00 CST 2014  [debug] AvalonLogSystem initialized using logfile 'C:\Documents and Settings\admin\×ÀÃæ\WebProject\.metadata\.plugins\com.genuitec.eclipse.templates\velocity.log'
Wed Nov 19 10:29:00 CST 2014   [info] ************************************************************** 
Wed Nov 19 10:29:00 CST 2014   [info] Starting Jakarta Velocity v1.4
Wed Nov 19 10:29:00 CST 2014   [info] RuntimeInstance initializing.
Wed Nov 19 10:29:00 CST 2014   [info] Default Properties File: org\apache\velocity\runtime\defaults\velocity.properties
Wed Nov 19 10:29:00 CST 2014   [info] Trying to use logger class org.apache.velocity.runtime.log.AvalonLogSystem
Wed Nov 19 10:29:00 CST 2014   [info] Using logger class org.apache.velocity.runtime.log.AvalonLogSystem
Wed Nov 19 10:29:00 CST 2014   [info] Default ResourceManager initializing. (class org.apache.velocity.runtime.resource.ResourceManagerImpl)
Wed Nov 19 10:29:00 CST 2014   [info] Resource Loader Instantiated: com.genuitec.eclipse.templates.internal.PluginResourceLoader
Wed Nov 19 10:29:00 CST 2014   [info] ResourceCache : initialized. (class org.apache.velocity.runtime.resource.ResourceCacheImpl)
Wed Nov 19 10:29:00 CST 2014   [info] Default ResourceManager initialization complete.
Wed Nov 19 10:29:00 CST 2014   [info] Loaded System Directive: org.apache.velocity.runtime.directive.Literal
Wed Nov 19 10:29:00 CST 2014   [info] Loaded System Directive: org.apache.velocity.runtime.directive.Macro
Wed Nov 19 10:29:00 CST 2014   [info] Loaded System Directive: org.apache.velocity.runtime.directive.Parse
Wed Nov 19 10:29:00 CST 2014   [info] Loaded System Directive: org.apache.velocity.runtime.directive.Include
Wed Nov 19 10:29:00 CST 2014   [info] Loaded System Directive: org.apache.velocity.runtime.directive.Foreach
Wed Nov 19 10:29:00 CST 2014   [info] Created: 20 parsers.
Wed Nov 19 10:29:00 CST 2014   [info] Velocimacro : initialization starting.
Wed Nov 19 10:29:00 CST 2014   [info] Velocimacro : adding VMs from VM library template : VM_global_library.vm
Wed Nov 19 10:29:00 CST 2014  [error] ResourceManager : unable to find resource 'VM_global_library.vm' in any resource loader.
Wed Nov 19 10:29:00 CST 2014   [info] Velocimacro : error using  VM library template VM_global_library.vm : org.apache.velocity.exception.ResourceNotFoundException: Unable to find resource 'VM_global_library.vm'
Wed Nov 19 10:29:00 CST 2014   [info] Velocimacro :  VM library template macro registration complete.
Wed Nov 19 10:29:00 CST 2014   [info] Velocimacro : allowInline = true : VMs can be defined inline in templates
Wed Nov 19 10:29:00 CST 2014   [info] Velocimacro : allowInlineToOverride = true : VMs defined inline may replace previous VM definitions
Wed Nov 19 10:29:00 CST 2014   [info] Velocimacro : allowInlineLocal = true : VMs defined inline will be local to their defining template only.
Wed Nov 19 10:29:00 CST 2014   [info] Velocimacro : messages on  : VM system will output logging messages
Wed Nov 19 10:29:00 CST 2014   [info] Velocimacro : autoload off  : VM system will not automatically reload global library macros
Wed Nov 19 10:29:00 CST 2014   [info] Velocimacro : initialization complete.
Wed Nov 19 10:29:00 CST 2014   [info] Velocity successfully started.
Wed Nov 19 10:29:00 CST 2014   [info] ResourceManager : found templates/web.xml.vm with loader com.genuitec.eclipse.templates.internal.PluginResourceLoader
Wed Nov 19 10:29:01 CST 2014   [info] ResourceManager : found /templates/velocity/welcome/Jsp.vtl with loader com.genuitec.eclipse.templates.internal.PluginResourceLoader
